<?xml version="1.0" encoding="UTF-8"?>
<testng-results ignored="0" total="6" passed="6" failed="0" skipped="0">
  <reporter-output>
  </reporter-output>
  <suite started-at="2023-05-10T18:59:36 NZST" name="Suite" finished-at="2023-05-10T19:00:35 NZST" duration-ms="59137">
    <groups>
      <group name="cucumber">
        <method signature="AbstractTestNGCucumberTests.runScenario(io.cucumber.testng.PickleWrapper,io.cucumber.testng.FeatureWrapper)[pri:0, instance:runner.TestRunner@13330ac6]" name="runScenario" class="io.cucumber.testng.AbstractTestNGCucumberTests"/>
      </group> <!-- cucumber -->
    </groups>
    <test started-at="2023-05-10T18:59:36 NZST" name="Test" finished-at="2023-05-10T19:00:35 NZST" duration-ms="59137">
      <class name="runner.TestRunner">
        <test-method is-config="true" signature="beforeSuite()[pri:0, instance:runner.TestRunner@13330ac6]" started-at="2023-05-10T18:59:36 NZST" name="beforeSuite" finished-at="2023-05-10T18:59:36 NZST" duration-ms="15" status="PASS">
          <reporter-output>
          </reporter-output>
        </test-method> <!-- beforeSuite -->
        <test-method is-config="true" signature="setUpClass(org.testng.ITestContext)[pri:0, instance:runner.TestRunner@13330ac6]" started-at="2023-05-10T18:59:36 NZST" name="setUpClass" finished-at="2023-05-10T18:59:37 NZST" duration-ms="488" status="PASS">
          <params>
            <param index="0">
              <value>
                <![CDATA[org.testng.TestRunner@7d64e326]]>
              </value>
            </param>
          </params>
          <reporter-output>
          </reporter-output>
        </test-method> <!-- setUpClass -->
        <test-method is-config="true" signature="initiate()[pri:0, instance:runner.TestRunner@13330ac6]" started-at="2023-05-10T18:59:37 NZST" name="initiate" finished-at="2023-05-10T18:59:40 NZST" duration-ms="3366" status="PASS">
          <reporter-output>
          </reporter-output>
        </test-method> <!-- initiate -->
        <test-method signature="runScenario(io.cucumber.testng.PickleWrapper,io.cucumber.testng.FeatureWrapper)[pri:0, instance:runner.TestRunner@13330ac6]" started-at="2023-05-10T18:59:40 NZST" name="runScenario" description="Runs Cucumber Scenarios" data-provider="scenarios" finished-at="2023-05-10T18:59:50 NZST" duration-ms="10187" status="PASS">
          <params>
            <param index="0">
              <value>
                <![CDATA["Verify Add to Cart is working for a perticular item"]]>
              </value>
            </param>
            <param index="1">
              <value>
                <![CDATA["Verify shopify website Add To Cart related functionalities"]]>
              </value>
            </param>
          </params>
          <reporter-output>
          </reporter-output>
        </test-method> <!-- runScenario -->
        <test-method is-config="true" signature="drawDown()[pri:0, instance:runner.TestRunner@13330ac6]" started-at="2023-05-10T18:59:50 NZST" name="drawDown" finished-at="2023-05-10T18:59:50 NZST" duration-ms="135" status="PASS">
          <reporter-output>
          </reporter-output>
        </test-method> <!-- drawDown -->
        <test-method is-config="true" signature="initiate()[pri:0, instance:runner.TestRunner@13330ac6]" started-at="2023-05-10T18:59:50 NZST" name="initiate" finished-at="2023-05-10T18:59:52 NZST" duration-ms="1730" status="PASS">
          <reporter-output>
          </reporter-output>
        </test-method> <!-- initiate -->
        <test-method signature="runScenario(io.cucumber.testng.PickleWrapper,io.cucumber.testng.FeatureWrapper)[pri:0, instance:runner.TestRunner@13330ac6]" started-at="2023-05-10T18:59:52 NZST" name="runScenario" description="Runs Cucumber Scenarios" data-provider="scenarios" finished-at="2023-05-10T19:00:01 NZST" duration-ms="9432" status="PASS">
          <params>
            <param index="0">
              <value>
                <![CDATA["Verify Add to Cart is working for a perticular item"]]>
              </value>
            </param>
            <param index="1">
              <value>
                <![CDATA["Verify shopify website Add To Cart related functionalities"]]>
              </value>
            </param>
          </params>
          <reporter-output>
          </reporter-output>
        </test-method> <!-- runScenario -->
        <test-method is-config="true" signature="drawDown()[pri:0, instance:runner.TestRunner@13330ac6]" started-at="2023-05-10T19:00:01 NZST" name="drawDown" finished-at="2023-05-10T19:00:02 NZST" duration-ms="124" status="PASS">
          <reporter-output>
          </reporter-output>
        </test-method> <!-- drawDown -->
        <test-method is-config="true" signature="initiate()[pri:0, instance:runner.TestRunner@13330ac6]" started-at="2023-05-10T19:00:02 NZST" name="initiate" finished-at="2023-05-10T19:00:03 NZST" duration-ms="1434" status="PASS">
          <reporter-output>
          </reporter-output>
        </test-method> <!-- initiate -->
        <test-method signature="runScenario(io.cucumber.testng.PickleWrapper,io.cucumber.testng.FeatureWrapper)[pri:0, instance:runner.TestRunner@13330ac6]" started-at="2023-05-10T19:00:03 NZST" name="runScenario" description="Runs Cucumber Scenarios" data-provider="scenarios" finished-at="2023-05-10T19:00:13 NZST" duration-ms="10179" status="PASS">
          <params>
            <param index="0">
              <value>
                <![CDATA["Verify Add to Cart is working for a perticular item"]]>
              </value>
            </param>
            <param index="1">
              <value>
                <![CDATA["Verify shopify website Add To Cart related functionalities"]]>
              </value>
            </param>
          </params>
          <reporter-output>
          </reporter-output>
        </test-method> <!-- runScenario -->
        <test-method is-config="true" signature="drawDown()[pri:0, instance:runner.TestRunner@13330ac6]" started-at="2023-05-10T19:00:13 NZST" name="drawDown" finished-at="2023-05-10T19:00:13 NZST" duration-ms="112" status="PASS">
          <reporter-output>
          </reporter-output>
        </test-method> <!-- drawDown -->
        <test-method is-config="true" signature="initiate()[pri:0, instance:runner.TestRunner@13330ac6]" started-at="2023-05-10T19:00:13 NZST" name="initiate" finished-at="2023-05-10T19:00:15 NZST" duration-ms="1355" status="PASS">
          <reporter-output>
          </reporter-output>
        </test-method> <!-- initiate -->
        <test-method signature="runScenario(io.cucumber.testng.PickleWrapper,io.cucumber.testng.FeatureWrapper)[pri:0, instance:runner.TestRunner@13330ac6]" started-at="2023-05-10T19:00:15 NZST" name="runScenario" description="Runs Cucumber Scenarios" data-provider="scenarios" finished-at="2023-05-10T19:00:21 NZST" duration-ms="5881" status="PASS">
          <params>
            <param index="0">
              <value>
                <![CDATA["Verify Search functionalty should be working for correct search"]]>
              </value>
            </param>
            <param index="1">
              <value>
                <![CDATA["Verify shopify Search functionalities"]]>
              </value>
            </param>
          </params>
          <reporter-output>
          </reporter-output>
        </test-method> <!-- runScenario -->
        <test-method is-config="true" signature="drawDown()[pri:0, instance:runner.TestRunner@13330ac6]" started-at="2023-05-10T19:00:21 NZST" name="drawDown" finished-at="2023-05-10T19:00:21 NZST" duration-ms="110" status="PASS">
          <reporter-output>
          </reporter-output>
        </test-method> <!-- drawDown -->
        <test-method is-config="true" signature="initiate()[pri:0, instance:runner.TestRunner@13330ac6]" started-at="2023-05-10T19:00:21 NZST" name="initiate" finished-at="2023-05-10T19:00:22 NZST" duration-ms="1329" status="PASS">
          <reporter-output>
          </reporter-output>
        </test-method> <!-- initiate -->
        <test-method signature="runScenario(io.cucumber.testng.PickleWrapper,io.cucumber.testng.FeatureWrapper)[pri:0, instance:runner.TestRunner@13330ac6]" started-at="2023-05-10T19:00:22 NZST" name="runScenario" description="Runs Cucumber Scenarios" data-provider="scenarios" finished-at="2023-05-10T19:00:28 NZST" duration-ms="5908" status="PASS">
          <params>
            <param index="0">
              <value>
                <![CDATA["Verify Search functionalty should be working for correct search"]]>
              </value>
            </param>
            <param index="1">
              <value>
                <![CDATA["Verify shopify Search functionalities"]]>
              </value>
            </param>
          </params>
          <reporter-output>
          </reporter-output>
        </test-method> <!-- runScenario -->
        <test-method is-config="true" signature="drawDown()[pri:0, instance:runner.TestRunner@13330ac6]" started-at="2023-05-10T19:00:28 NZST" name="drawDown" finished-at="2023-05-10T19:00:28 NZST" duration-ms="123" status="PASS">
          <reporter-output>
          </reporter-output>
        </test-method> <!-- drawDown -->
        <test-method is-config="true" signature="initiate()[pri:0, instance:runner.TestRunner@13330ac6]" started-at="2023-05-10T19:00:28 NZST" name="initiate" finished-at="2023-05-10T19:00:29 NZST" duration-ms="1253" status="PASS">
          <reporter-output>
          </reporter-output>
        </test-method> <!-- initiate -->
        <test-method signature="runScenario(io.cucumber.testng.PickleWrapper,io.cucumber.testng.FeatureWrapper)[pri:0, instance:runner.TestRunner@13330ac6]" started-at="2023-05-10T19:00:29 NZST" name="runScenario" description="Runs Cucumber Scenarios" data-provider="scenarios" finished-at="2023-05-10T19:00:35 NZST" duration-ms="5316" status="PASS">
          <params>
            <param index="0">
              <value>
                <![CDATA["Verify Search functionalty for invalid search"]]>
              </value>
            </param>
            <param index="1">
              <value>
                <![CDATA["Verify shopify Search functionalities"]]>
              </value>
            </param>
          </params>
          <reporter-output>
          </reporter-output>
        </test-method> <!-- runScenario -->
        <test-method is-config="true" signature="drawDown()[pri:0, instance:runner.TestRunner@13330ac6]" started-at="2023-05-10T19:00:35 NZST" name="drawDown" finished-at="2023-05-10T19:00:35 NZST" duration-ms="131" status="PASS">
          <reporter-output>
          </reporter-output>
        </test-method> <!-- drawDown -->
        <test-method is-config="true" signature="tearDownClass()[pri:0, instance:runner.TestRunner@13330ac6]" started-at="2023-05-10T19:00:35 NZST" name="tearDownClass" finished-at="2023-05-10T19:00:35 NZST" duration-ms="484" status="PASS">
          <reporter-output>
          </reporter-output>
        </test-method> <!-- tearDownClass -->
      </class> <!-- runner.TestRunner -->
    </test> <!-- Test -->
  </suite> <!-- Suite -->
</testng-results>
